[102b.ck:1]: error: undefined type 'Foo'...
[102b.ck:1]: error: ...in declaration
